551267264
1632349120
3258166208
661892032
2235280320
3777211328
960211904
664513472
30649280
1403235264
1411099584
1882958784
3871058880
2264116160
3325275072
722709440
660319168
2908990400
1604561856
1220783040
584821696
2826152896
608938944
263957440
378252224
3511397312
2075896768
1465101248
1283697600
4077628352
980134848
3118181312
4184583104
1651223488
4205554624
2204347328
555461568
1742973888
3241388992
2309729216
1849404352
3263933376
831237056
2857085888
2375789504
4005800896
35892160
795585472
3976965056
2118364096
484682688
764864
2858658752
253471680
2091625408
702786496
143371200
429108160
2206444480
2538318784
965979072
3138628544
382446528
1352903616
339454912
641969088
118729664
1139518400
1350806464
3185290176
1557900224
1228123072
4113279936
3021188032
3406015424
3546000320
562277312
229354432
3253971904
2544610240
4124289984
3469454272
4229671872
3446385600
3773017024
3332090816
1448324032
2442898368
4223904704
411282368
2941496256
486779840
1949543360
339979200
2341710784
3803425728
2032905152
2139859904
1251191744
3218320320
