Case #1: 3 4 6 
Case #2: 4 8 
Case #3: 13 15 16 18 21 24 27 29 31 32 
Case #4: 3 5 9 14 17 21 24 
Case #5: 2 4 
Case #6: 3 4 5 
Case #7: 4 5 8 12 15 16 18 19 
Case #8: 2 22 
Case #9: 3 5 8 9 
Case #10: 12 16 17 19 21 23 24 27 28 
Case #11: 14 19 22 23 28 32 36 38 43 47 
Case #12: 15 19 28 31 36 41 46 48 
Case #13: 11 12 15 18 20 21 23 24 27 28 
Case #14: 1 2 3 
Case #15: 4 6 8 10 
Case #16: 5 10 14 17 19 20 30 
Case #17: 1 2 3 4 
Case #18: 8 13 14 18 20 26 
Case #19: 2 4 5 9 
Case #20: 2 3 
Case #21: 4 9 16 19 
Case #22: 5 6 9 13 16 19 
Case #23: 7 10 15 16 
Case #24: 2 3 4 
Case #25: 43 44 45 46 47 48 49 
Case #26: 22 222 
Case #27: 7 17 27 37 47 57 67 77 87 97 
Case #28: 51 64 105 109 129 155 183 188 213 244 
Case #29: 4 6 7 8 11 13 15 
Case #30: 10 11 12 13 14 15 16 17 18 19 
Case #31: 4 9 11 15 17 22 
Case #32: 59 98 111 131 147 165 182 
Case #33: 2 6 
Case #34: 10 18 19 22 24 28 
Case #35: 5 7 9 
Case #36: 4 8 11 12 
Case #37: 6 8 
Case #38: 10 14 18 22 24 25 31 37 
Case #39: 6 10 
Case #40: 8 11 14 17 20 23 26 
Case #41: 4 8 12 16 
Case #42: 15 16 20 23 28 
Case #43: 8 16 23 29 34 38 41 43 44 60 
Case #44: 1 2 3 5 7 8 
Case #45: 6 7 12 15 
Case #46: 13 15 21 23 25 27 29 
Case #47: 1 5 6 
Case #48: 64 99 116 131 
Case #49: 1 2 3 4 5 6 7 
Case #50: 2 6 8 11 12 
