Case #1:
1000000000000000 2 3 2 5 2 7 2 3 2
1000000000000001 3 2 5 2 7 2 3 2 7
1000000000000010 2 2 2 2 2 2 2 2 2
1000000000000100 2 2 2 2 2 2 2 2 2
1000000000000101 13 11 3 4751 173 3 53 109 3
1000000000000110 2 3 2 5 2 3 2 3 2
1000000000000111 3 2 5 2 7 2 3 2 11
1000000000001000 2 2 2 2 2 2 2 2 2
1000000000001001 73 5 3 19 19 3 5 19 3
1000000000001010 2 3 2 3 2 3 2 3 2
1000000000001100 2 3 2 5 2 3 2 3 2
1000000000001101 3 2 5 2 7 2 3 2 11
1000000000001110 2 2 2 2 2 2 2 2 2
1000000000010000 2 2 2 2 2 2 2 2 2
1000000000010010 2 3 2 5 2 3 2 3 2
1000000000010011 3 2 5 2 7 2 3 2 7
1000000000010100 2 3 2 5 2 3 2 3 2
1000000000010110 2 2 2 2 2 2 2 2 2
1000000000011000 2 3 2 5 2 3 2 3 2
1000000000011001 3 2 5 2 7 2 3 2 11
1000000000011010 2 2 2 2 2 2 2 2 2
1000000000011011 5 1567 15559 6197 5 5 1031 7 83
1000000000011100 2 2 2 2 2 2 2 2 2
1000000000011110 2 3 2 5 2 7 2 3 2
1000000000011111 3 2 3 2 7 2 3 2 3
1000000000100000 2 2 2 2 2 2 2 2 2
1000000000100010 2 3 2 3 2 3 2 3 2
1000000000100100 2 3 2 5 2 3 2 3 2
1000000000100101 3 2 5 2 7 2 3 2 7
1000000000100110 2 2 2 2 2 2 2 2 2
1000000000101000 2 3 2 3 2 3 2 3 2
1000000000101010 2 2 2 2 2 2 2 2 2
1000000000101011 3 7 13 3 5 43 3 73 7
1000000000101100 2 2 2 2 2 2 2 2 2
1000000000101110 2 3 2 3 2 7 2 3 2
1000000000101111 5 2 3 2 37 2 5 2 3
1000000000110000 2 3 2 5 2 3 2 3 2
1000000000110001 3 2 5 2 7 2 3 2 11
1000000000110010 2 2 2 2 2 2 2 2 2
1000000000110100 2 2 2 2 2 2 2 2 2
1000000000110101 23 17 11 23 5 299699 43 239 59
1000000000110110 2 3 2 5 2 7 2 3 2
1000000000110111 3 2 3 2 7 2 3 2 3
1000000000111000 2 2 2 2 2 2 2 2 2
1000000000111010 2 3 2 3 2 7 2 3 2
1000000000111011 17 2 3 2 73 2 17 2 3
1000000000111100 2 3 2 5 2 7 2 3 2
1000000000111101 3 2 3 2 7 2 3 2 3
1000000000111110 2 2 2 2 2 2 2 2 2
1000000001000000 2 2 2 2 2 2 2 2 2
