-91637 -40501 0 0
105830 487303 8058 0
204456 297156 20771 0
159732 243917 24123 0
212320 198365 27232 0
59199 142084 30855 0
34793 96132 34156 0
28484 44104 37411 0
26073 -53492 43897 0
134619 -240567 56586 0
-136599 -248952 57264 0
281411 -281964 59459 0
84838 -290781 59950 0
77864 -290806 59968 0
252650 -331674 62771 0
98071 -338903 63157 0
34891 -340235 63315 0
228860 -433134 69310 0
112971 -438402 69600 0
184421 -483230 72662 0
165408 -532914 75949 0
202713 -578027 79096 0
159126 -578345 79205 0
220204 330035 104972 0
149577 182154 114869 0
-39578 78685 121822 0
102940 34082 124705 0
39322 -16182 128104 0
132146 -211049 140832 0
-73985 -214064 141348 0
105188 -261558 144150 0
276753 -298716 146951 0
149673 -355699 150508 0
104763 -357315 150621 0
125445 -404273 153809 0
144605 -449986 157001 0
133401 -450225 157029 0
244591 363520 189151 0
223725 315328 192443 0
104552 307386 192741 0
146287 166843 202357 0
170880 117285 205535 0
-59091 106612 206110 0
132656 65268 208871 0
72697 14627 212261 0
26550 13827 212376 0
122813 -225561 228336 0
-61222 -231435 228796 0
-73919 -232053 228827 0
195601 -273810 231394 0
239909 -320817 234523 0
59740 -374063 238213 0
51637 -374290 238233 0
217755 -414501 241058 0
84526 -422754 241391 0
167944 -468791 244423 0
204578 -560613 250811 0
-65455 -162001 0 1
168244 352526 95322 1
100206 300890 98733 1
170841 60582 114756 1
138228 -426996 147238 1
119476 91440 199124 1
173215 -246922 221670 1
-104228 -257469 222364 1
101948 -346522 228328 1
179217 -538743 241095 1
-65455 -81001 0 2
164068 495893 4603 2
-57318 492260 5157 2
168328 352757 14313 2
91482 349906 14505 2
100080 300923 17723 2
119818 256190 20914 2
93140 254733 20981 2
76666 199477 24262 2
147931 153464 27324 2
60908 152869 27541 2
-39016 99552 31031 2
170888 60634 33746 2
16934 53286 34131 2
112009 13013 37134 2
79258 11767 37216 2
46997 -42004 40536 2
28159 -43197 40583 2
-46938 -194435 50491 2
-64655 -240738 53775 2
282874 -273018 56146 2
153588 -276126 56470 2
99487 -335116 59862 2
110807 -376882 63057 2
138146 -427149 66228 2
171901 -477109 69384 2
158381 -520407 72658 2
202966 -573035 75786 2
176993 434432 95291 2
91554 383843 98745 2
145771 283991 105089 2
34984 182000 111846 2
-9414 130590 115215 2
145010 92657 118051 2
119550 91233 118115 2
22741 84750 118357 2
276439 50125 120963 2
113448 43281 121370 2
93970 -3236 124659 2
59057 -4318 124746 2
-16013 -201832 137894 2
-69781 -205145 138028 2
173165 -246912 140661 2
-104327 -257671 141354 2
214337 -297523 143798 2
122336 -301372 144028 2
99257 -302241 144086 2
101943 -346550 147319 2
179243 -394231 150366 2
187002 -442949 153586 2
179208 -538865 160086 2
203537 -582497 163265 2
118142 462511 179678 2
158402 415481 182818 2
258575 370816 185807 2
192478 270173 192452 2
128063 266205 192613 2
133845 218855 195839 2
102287 167935 199158 2
49837 124041 202529 2
-25710 119750 202718 2
192341 74958 205413 2
127797 72846 205574 2
-5841 66682 205908 2
152085 26211 208753 2
52625 -26029 212242 2
-30523 -172151 222170 2
200407 -260021 228073 2
105280 -261580 228310 2
255901 -310235 231174 2
107987 -315110 231544 2
36117 -319700 231723 2
158489 -360289 234657 2
209455 -411425 237770 2
75344 -411450 238105 2
179555 -558784 247573 2
-65455 -1 0 3
94048 -3234 383 3
7929 -192637 13128 3
-101295 -239729 16094 3
-64608 -240806 16186 3
84851 -290678 19800 3
34930 -340485 22915 3
145768 284128 24083 3
179309 -394199 26516 3
122385 231297 27382 3
113024 -438333 29590 3
187223 -442898 29776 3
35024 182007 30840 3
170185 136820 33742 3
-9392 130518 34191 3
-39490 78598 37522 3
-64866 78278 37583 3
28832 -15093 43816 3
-34669 -162365 53694 3
1453 -210429 56844 3
-104332 -257587 60349 3
122408 -301327 63022 3
99254 -302188 63080 3
179157 -394256 69360 3
28774 -15104 87700 3
118238 462564 98672 3
1642 -210413 100592 3
158491 415465 101811 3
-104404 -257647 103582 3
105279 -261728 104091 3
158962 -264552 104225 3
175573 -265695 104267 3
258505 370682 104810 3
223814 315302 108142 3
104881 -357361 110570 3
158494 -360321 110704 3
192522 270154 111447 3
128070 266182 111608 3
66826 261496 111761 3
209463 -411447 114071 3
133944 218826 114833 3
146130 166881 118042 3
20540 163485 118356 3
195072 -511125 120515 3
201606 -511136 120532 3
179658 -558868 123717 3
204520 -560488 123779 3
127855 72621 124568 3
-5910 66839 124902 3
151928 26449 127748 3
52754 -25867 131236 3
-26119 -179200 141153 3
210551 -268258 147046 3
156079 -414856 156897 3
201509 -511129 163264 3
179629 -558884 166559 3
164136 495790 182797 3
228593 450235 185876 3
281489 -282200 192011 3
100147 300752 195917 3
51645 -374269 197917 3
110681 -376906 198064 3
138172 -427070 201373 3
231007 202662 202073 3
145580 200714 202284 3
76605 199317 202456 3
60985 152802 205735 3
58146 99225 208982 3
203109 -572995 211258 3
170834 60490 211941 3
16901 53338 212325 3
46967 -42088 218730 3
-47007 -194463 228685 3
-118091 -246241 232103 3
99454 -335218 238039 3
76168 -386222 241337 3
138310 -427000 244422 3
-39273 -405001 0 4
133910 218837 1374 4
49931 124077 8064 4
-25509 119797 8252 4
192361 74887 10948 4
127978 72637 11109 4
-53583 67778 11563 4
75520 29180 14480 4
52637 -26008 17777 4
-30290 -172225 27704 4
200482 -260062 33607 4
105309 -261645 33845 4
255955 -310129 36709 4
107987 -315057 37079 4
36250 -319556 37258 4
158539 -360270 40192 4
75358 -411398 43640 4
82797 202552 88982 4
60824 152737 92277 4
-39163 99535 95767 4
170833 60471 98482 4
58158 53636 98763 4
17125 53319 98866 4
-12057 51189 98939 4
111990 12846 101869 4
79152 11677 101951 4
47080 -42207 105271 4
28010 -43080 105319 4
-64644 -240867 118510 4
282885 -273029 120881 4
195746 -273931 121099 4
153644 -276381 121205 4
240056 -320829 124228 4
110669 -377029 127792 4
138161 -427067 130963 4
171952 -477042 134135 4
158296 -520356 137393 4
202930 -572967 140530 4
149428 237211 173055 4
34852 182020 176598 4
59227 142102 179761 4
144977 92725 182786 4
119394 91212 182850 4
22613 84888 183092 4
276517 50158 185697 4
113376 43355 186105 4
93954 -3130 189394 4
58977 -4250 189481 4
26019 -53507 192804 4
-16133 -201920 202629 4
-69833 -205142 202763 4
173087 -247003 205396 4
-10597 -251339 205855 4
-104305 -257567 206089 4
188415 -296655 208598 4
101943 -346434 212054 4
179289 -394173 215100 4
91319 -398678 215320 4
224390 -442484 218231 4
187057 -442962 218321 4
179043 -538964 224821 4
203717 -582356 227999 4
168851 -584329 228087 4
-39273 -283501 0 5
204557 297154 4437 5
159842 243946 7789 5
230991 202566 10851 5
145520 200736 11065 5
76693 199509 11237 5
148080 153386 14299 5
196452 104141 17418 5
34822 96139 17822 5
278928 60082 20451 5
28583 44260 21087 5
8029 -192456 37329 5
-47014 -194450 37466 5
134418 -240719 40253 5
-118007 -246302 40884 5
281352 -282061 43125 5
84960 -290595 43616 5
77821 -290691 43634 5
252512 -331834 46438 5
98094 -338942 46824 5
34775 -340360 46982 5
76150 -386111 50118 5
112923 -438516 53272 5
171776 -477171 56359 5
165325 -532827 59616 5
203078 -572985 62761 5
220264 329857 88638 5
122598 231229 95362 5
149475 182197 98535 5
34928 182017 98821 5
170189 136987 101723 5
-9359 130372 102172 5
186830 87805 104922 5
-39573 78576 105488 5
-64901 78319 105551 5
102984 34228 108371 5
39380 -16106 111770 5
-34645 -162283 121675 5
1482 -210291 124825 5
-73948 -214212 125014 5
3248 -258435 128061 5
214277 -297447 130773 5
122325 -301347 131003 5
99243 -302393 131061 5
104803 -357358 134287 5
125549 -404275 137475 5
144486 -449910 140668 5
133347 -450164 140695 5
244601 363592 172817 5
223601 315518 176110 5
104701 307363 176407 5
128261 266134 179588 5
66916 261378 179747 5
146239 166702 186023 5
20582 163388 186337 5
170874 117269 189202 5
-59318 106468 189777 5
-5681 66601 192883 5
72547 14708 195927 5
26551 13872 196042 5
-26263 -179178 209134 5
122723 -225453 212002 5
-61145 -231543 212462 5
-73901 -231962 212494 5
210606 -268392 215022 5
59932 -374101 221879 5
51548 -374386 221900 5
209561 -411567 224745 5
156137 -414743 224878 5
167804 -468820 228092 5
201642 -511122 231245 5
194955 -511125 231262 5
179579 -558724 234540 5
-39273 -202501 0 6
220378 329799 7629 6
145831 284083 11056 6
122623 231214 14354 6
149518 182130 17526 6
34924 182002 17813 6
50002 124088 21024 6
-25673 119791 21222 6
119454 91283 24082 6
-39562 78578 24479 6
-64961 78470 24543 6
102947 33997 27363 6
28804 -15126 30788 6
-30520 -172230 40690 6
132119 -210978 43490 6
1648 -210276 43816 6
105456 -261748 46797 6
188176 -296600 49830 6
104831 -357248 53278 6
179142 -394144 56332 6
144664 -449897 59659 6
179082 -538995 66053 6
158565 415359 88784 6
58777 350971 92273 6
223680 315362 95101 6
104698 307271 95398 6
119824 256133 98601 6
93229 254812 98667 6
133833 218825 101806 6
146333 166839 105014 6
20537 163370 105329 6
196443 76967 111369 6
127915 72653 111540 6
39232 66056 111762 6
72616 14535 114919 6
26609 13927 115034 6
52525 -38111 118209 6
-26281 -178961 128126 6
-73920 -232096 131485 6
153643 -276295 134156 6
108135 -315030 137510 6
36229 -319510 137690 6
110683 -377052 140745 6
217872 -414268 143716 6
156236 -414913 143870 6
167726 -468795 147081 6
201517 -510959 150236 6
195143 -511055 150252 6
179538 -558715 153531 6
228503 450194 172849 6
91464 383788 176432 6
168194 352642 179480 6
100088 300777 182890 6
182156 254444 185925 6
230953 202550 189043 6
145570 200610 189256 6
76595 199356 189429 6
59231 142167 192712 6
196370 104116 195609 6
34654 96138 196014 6
278938 59982 198643 6
170954 60482 198913 6
16948 53408 199298 6
-11897 51124 199370 6
94058 -3112 202345 6
59087 -4156 202433 6
47069 -42160 205703 6
-16215 -201841 215581 6
134415 -240725 218444 6
-64644 -240906 218942 6
281376 -282191 221317 6
98175 -338858 225015 6
34828 -340432 225173 6
113005 -438527 231458 6
171820 -477173 234551 6
165342 -532901 237807 6
203014 -572816 240953 6
-39273 -121501 0 7
-57504 492268 1840 7
118186 462461 4641 7
158397 415433 7780 7
168418 352643 10995 7
91384 349849 11188 7
100231 300819 14443 7
119721 256111 17597 7
133888 219024 20801 7
146195 166717 24011 7
-25710 119876 27680 7
170798 60457 30468 7
112134 12829 33816 7
52342 -38090 37205 7
-26094 -179094 47121 7
-101346 -239782 50549 7
153712 -276369 53152 7
36088 -319697 56686 7
110671 -376910 59739 7
217750 -414457 62712 7
156301 -414877 62865 7
167830 -468867 66077 7
201663 -511108 69232 7
194964 -511109 69249 7
179564 -558636 72527 7
164124 495737 88766 7
228634 450321 91845 7
204299 449796 91905 7
91538 383861 95427 7
168246 352686 98475 7
204542 297287 101625 7
159745 243940 104977 7
230944 202423 108039 7
145562 200689 108252 7
76732 199389 108424 7
59178 142151 111708 7
196223 104135 114606 7
34762 96107 115009 7
279020 59901 117639 7
16879 53338 118294 7
94057 -3207 121341 7
59004 -4313 121429 7
46999 -42091 124699 7
-16189 -201705 134577 7
173194 -246989 137364 7
-10795 -251371 137832 7
-104175 -257657 138075 7
281355 -282133 140313 7
84956 -290826 140804 7
98161 -338809 144011 7
34775 -340427 144169 7
110802 -377029 147219 7
112986 -438532 150454 7
171875 -477176 153546 7
202953 -572947 159949 7
177104 434505 179453 7
91392 383821 182908 7
220228 329859 185826 7
145788 283958 189252 7
122531 231309 192550 7
149469 182222 195722 7
34921 182038 196009 7
-25524 119826 199400 7
-39508 78781 202675 7
-64978 78317 202739 7
276675 50303 205124 7
113410 43274 205533 7
28739 -15041 208984 7
1587 -210293 222012 7
105190 -261526 224993 7
214399 -297695 227960 7
122258 -301260 228190 7
99268 -302341 228248 7
125463 -404235 234662 7
187062 -442879 237748 7
179085 -538924 244248 7
-39273 80999 0 8
192314 74909 571 8
75351 29158 3518 8
152021 26207 3710 8
28752 -15192 6642 8
39412 -16075 6668 8
-34609 -162424 16203 8
1713 -210390 19534 8
-104245 -257623 22509 8
3323 -258496 22778 8
105408 -261606 23033 8
158875 -264610 23167 8
175590 -265682 23209 8
210604 -268244 23296 8
282880 -272942 23477 8
108032 -315164 26280 8
240018 -320693 26610 8
158639 -360327 29647 8
75364 -411442 32678 8
156142 -414918 32880 8
217974 -414397 33035 8
194950 -510928 39457 8
201555 -510908 39474 8
179559 -558832 42659 8
204658 -560445 42722 8
-53603 67907 87436 8
-5838 66796 87555 8
170919 60470 87997 8
26549 13747 90876 8
79150 11754 91008 8
34490 -37922 94136 8
52304 -37968 94181 8
-26072 -179195 103705 8
189487 -331101 113964 8
252476 -331662 114121 8
59769 -373974 116879 8
110783 -377039 117007 8
84491 -422720 120181 8
138142 -427157 120315 8
228901 -433244 120542 8
171829 -477153 123639 8
202917 -573028 130197 8
28511 44092 175121 8
113437 43218 175334 8
94005 -3161 178525 8
25942 -53495 181595 8
7952 -192572 191270 8
-101356 -239824 194237 8
-64691 -240907 194328 8
188238 -296622 198201 8
214219 -297630 198265 8
102107 -346625 201225 8
195852 -349913 201460 8
179249 -394031 204658 8
187048 -442889 207918 8
-39273 161999 0 9
148028 153487 456 9
196232 104127 3816 9
-53532 67900 6432 9
-5842 66698 6551 9
29160 66406 6638 9
39083 66070 6663 9
171009 60454 6993 9
26601 13874 9872 9
79258 11751 10004 9
34536 -37897 13132 9
52408 -37905 13176 9
-26147 -179155 22700 9
281526 -282132 29949 9
252448 -331682 33117 9
59790 -374084 35875 9
110785 -376917 36002 9
84554 -422805 39177 9
138152 -427155 39311 9
171795 -477097 42635 9
158246 -520416 45841 9
202991 -573030 49193 9
59233 142081 87714 9
170284 136800 87991 9
-39099 99603 90708 9
34637 96196 90892 9
119397 91288 91104 9
186964 87687 91273 9
-12081 51083 94015 9
113437 43235 94329 9
94047 -2990 97521 9
26146 -53495 100591 9
-46803 -194381 110128 9
-101446 -239705 113232 9
-64555 -240704 113324 9
173138 -246909 113918 9
84901 -290784 116938 9
188280 -296525 117196 9
214253 -297657 117261 9
276879 -298767 117418 9
101960 -346391 120220 9
195823 -349872 120455 9
179173 -394243 123653 9
112847 -438420 126728 9
187072 -442938 126913 9
179273 -538998 133374 9
49896 124054 175170 9
170961 117332 175473 9
-64882 78417 178123 9
-39553 78658 178187 9
192507 74976 178767 9
75336 29158 181714 9
152011 26194 181905 9
39305 -16187 184864 9
-34484 -162401 194399 9
-69862 -205011 197551 9
1585 -210269 197729 9
-104226 -257591 200705 9
105362 -261724 201229 9
158912 -264594 201363 9
175676 -265576 201405 9
210516 -268421 201492 9
282792 -273050 201672 9
108045 -315029 204476 9
104825 -357318 207708 9
158564 -360168 207842 9
156107 -414724 211076 9
217754 -414481 211230 9
195081 -511024 217653 9
201487 -510990 217669 9
179553 -558857 220854 9
204626 -560412 220917 9
-39273 242999 0 10
122503 231447 388 10
112062 183164 3600 10
149497 182341 3693 10
59153 142114 6707 10
170140 136836 6985 10
-39079 99591 9702 10
34828 96152 9887 10
186848 87751 10267 10
17079 53328 13082 10
93925 -3172 16514 10
27972 -43207 19589 10
-16181 -201830 29199 10
-117898 -246404 32185 10
-10722 -251166 32453 10
214359 -297629 36255 10
34907 -340390 39047 10
195760 -349844 39449 10
76200 -386213 42390 10
144543 -449882 45801 10
179023 -539002 52367 10
133757 218824 87894 10
102228 168033 91055 10
146106 166756 91165 10
-9312 130593 94016 10
170873 117191 94467 10
-39547 78576 97181 10
192439 75033 97761 10
103090 33998 100777 10
29004 -15099 103832 10
1691 -210406 116724 10
132175 -210799 117050 10
-104370 -257580 119699 10
3142 -258495 119967 10
105209 -261688 120222 10
158850 -264424 120357 10
175596 -265646 120398 10
210537 -268451 120486 10
240069 -320779 123800 10
158435 -360248 126836 10
75390 -411444 129868 10
156104 -414931 130070 10
167784 -468848 133344 10
194985 -510973 136647 10
201577 -511072 136663 10
179728 -558883 139849 10
204561 -560547 139911 10
76773 199531 175231 10
212184 198310 175570 10
60901 152670 178432 10
-25714 119830 181455 10
-53412 67995 184626 10
29238 66268 184833 10
39284 66113 184858 10
170858 60623 185187 10
278995 59992 185457 10
26612 13735 188066 10
112009 12951 188279 10
46967 -42183 191357 10
-26083 -179034 200894 10
-61253 -231568 204046 10
134522 -240661 204536 10
153645 -276371 207824 10
281507 -282126 208143 10
99437 -335218 210928 10
51556 -374402 214048 10
110865 -376928 214197 10
84506 -422776 217371 10
138235 -427172 217509 10
171791 -477079 220829 10
158292 -520266 224035 10
202905 -572822 227387 10
-13091 -445501 0 11
149498 182216 1273 11
170140 136978 4462 11
-9329 130364 4910 11
186877 87689 7660 11
-39622 78786 8226 11
-64749 78392 8289 11
102984 34082 11110 11
39333 -16032 14509 11
-34555 -162362 24414 11
1681 -210406 27563 11
-74118 -214178 27752 11
3201 -258409 30799 11
276794 -298637 33355 11
122327 -301330 33741 11
99300 -302277 33799 11
195942 -349972 36797 11
144450 -449971 43406 11
133432 -450216 43434 11
146110 166894 88762 11
20576 163414 89076 11
170903 117113 91940 11
39073 66171 95509 11
29097 66271 95534 11
-5761 66605 95622 11
-31121 65316 95685 11
-26063 -179153 111872 11
-61237 -231399 115200 11
-73793 -232048 115232 11
210565 -268307 117761 11
209635 -411550 127483 11
156309 -414786 127616 11
113134 -415210 127724 11
201492 -511125 133983 11
194974 -511070 134000 11
179556 -558785 137278 11
145635 200583 173003 11
76645 199275 173176 11
148004 153378 176237 11
196335 104126 179356 11
34842 96117 179760 11
278948 59925 182390 11
7848 -192469 199268 11
-46836 -194413 199404 11
134693 -240691 202190 11
-118094 -246377 202822 11
281369 -282155 205064 11
84870 -290807 205555 11
77786 -290749 205573 11
252557 -331617 208376 11
189512 -331125 208533 11
98097 -338846 208762 11
34961 -340391 208920 11
76206 -386168 212057 11
202886 -578018 224700 11
159134 -578397 224809 11
-13091 -324001 0 12
100337 300768 1386 12
119736 256189 4578 12
93320 254695 4644 12
76654 199288 7925 12
147873 153527 10987 12
60800 152742 11205 12
170913 117109 14170 12
-59285 106426 14745 12
170816 60507 17410 12
16977 53323 17794 12
-12136 51195 17868 12
112019 12897 20797 12
79284 11766 20879 12
47131 -42159 24199 12
28011 -43029 24247 12
-47004 -194472 34154 12
-64696 -240847 37439 12
153741 -276248 40133 12
99519 -335236 43515 12
110769 -376975 46720 12
84654 -422814 50025 12
171883 -477142 53047 12
158224 -520283 56321 12
202905 -572937 59450 12
145783 283996 88752 12
159845 243883 91957 12
212323 198321 95066 12
59154 142261 98689 12
145076 92743 101714 12
119421 91311 101778 12
22615 84855 102020 12
276470 50128 104626 12
113407 43133 105033 12
94094 -3235 108322 12
59033 -4226 108409 12
-34611 -162258 118383 12
-16143 -201834 121557 12
-69753 -205055 121691 12
134537 -240705 124421 12
-10730 -251375 124789 12
-104209 -257481 125017 12
214335 -297669 127461 12
99274 -302390 127749 12
98066 -338776 130992 12
179275 -394149 134029 12
91558 -398809 134248 12
112910 -438359 137435 12
184485 -483211 140496 12
165338 -532926 143784 12
202633 -578040 146930 12
220314 329810 172806 12
192497 270218 176116 12
128050 266047 176277 12
133782 218911 179502 12
102231 167932 182821 12
49842 124191 186192 12
-25552 119859 186381 12
192309 74992 189076 12
127810 72835 189237 12
-5757 66614 189571 12
103030 34103 192539 12
52633 -26029 195905 12
-30518 -172240 205833 12
132145 -210965 208667 12
105363 -261663 211974 12
255923 -310275 214837 12
108078 -315146 215207 12
36128 -319540 215387 12
158451 -360303 218321 12
125584 -404136 221643 12
179572 -558742 231228 12
-13091 202499 0 13
76658 199362 216 13
212218 198372 545 13
147945 153409 3624 13
-59125 106527 6347 13
58084 99357 6640 13
145158 92576 6857 13
17008 53269 9777 13
276481 50216 10426 13
94131 -3210 13213 13
27935 -43264 16284 13
-26231 -179079 25869 13
-73932 -232086 28990 13
-50159 -232705 29049 13
134441 -240562 29511 13
77757 -290830 32609 13
214312 -297644 32950 13
98085 -338970 35900 13
76363 -386152 39085 13
179166 -394243 39342 13
112851 -438405 42417 13
186977 -442969 42602 13
171878 -477181 45804 13
179132 -538938 49062 13
202733 -578021 52361 13
34893 182063 87582 13
149630 182325 87869 13
59323 142151 90883 13
170238 136911 91160 13
119402 91338 94273 13
186910 87656 94442 13
113426 43283 97498 13
58994 -4254 100602 13
-16054 -201854 113374 13
132132 -210857 113745 13
-117916 -246380 116360 13
105292 -261743 116918 13
158932 -264646 117058 13
175551 -265524 117101 13
122203 -301396 120200 13
256003 -310302 120534 13
158623 -360293 123531 13
209536 -411551 126898 13
144459 -449885 129976 13
102265 167938 175230 13
146219 166833 175340 13
-25660 119834 178150 13
170972 117241 178642 13
-53481 67812 181321 13
39251 66131 181553 13
171002 60562 181882 13
278961 60094 182152 13
72731 14505 184876 13
111989 12924 184974 13
52670 -25793 188066 13
-30473 -172198 197578 13
-34367 -214676 200809 13
122664 -225541 201201 13
-104313 -257681 203874 13
153668 -276131 204519 13
281444 -282178 204838 13
36106 -319538 207465 13
252525 -331769 208006 13
59871 -374112 210793 13
110701 -376881 210925 13
75341 -411381 214043 13
156237 -414743 214245 13
217908 -414444 214399 13
167751 -468786 217514 13
195140 -511129 220822 13
201457 -511105 220838 13
179624 -558864 224024 13
204488 -560337 224086 13
-13091 283499 0 14
192467 270175 499 14
111898 183388 6769 14
149459 182229 6863 14
59153 142172 9877 14
170239 136896 10155 14
-38974 99556 12872 14
34740 96160 13056 14
119525 91197 13268 14
186953 87844 13437 14
113526 43234 16493 14
39294 -16160 19547 14
-16149 -201844 32369 14
132279 -211006 32740 14
-136446 -249088 35308 14
3098 -258390 35657 14
105273 -261755 35912 14
158889 -264671 36046 14
175759 -265704 36089 14
122214 -301400 39195 14
256036 -310208 39529 14
101911 -346540 42384 14
195901 -349919 42619 14
209425 -411552 45893 14
144551 -449890 48971 14
201493 -511042 52353 14
179606 -558875 55538 14
119865 256050 87789 14
182039 254322 87944 14
133911 218957 91064 14
102346 168089 94225 14
146101 166741 94334 14
-25714 119832 97145 14
170859 117238 97636 14
-53583 67788 100315 14
-5934 66789 100434 14
29327 66199 100522 14
39171 66068 100547 14
170828 60485 100876 14
75285 29330 103877 14
152003 26207 104069 14
52669 -26033 107061 14
-26094 -179072 116597 14
1522 -210280 119893 14
153639 -276341 123513 14
281327 -282069 123832 14
108051 -315121 126639 14
59887 -374109 129759 14
110831 -376957 129886 14
75320 -411425 133037 14
156171 -414940 133240 14
167813 -468826 136509 14
194949 -511138 139817 14
179536 -558867 143018 14
159832 243887 175369 14
76650 199376 178401 14
59311 142248 181597 14
-59180 106524 184541 14
58211 99275 184835 14
-53462 67997 187795 14
276553 50132 188621 14
26739 13773 191236 14
28093 -43264 194479 14
-46967 -194407 204019 14
-73927 -232079 207184 14
-50188 -232682 207244 14
134521 -240617 207705 14
85036 -290821 210822 14
214306 -297545 211145 14
34803 -340453 213936 14
76212 -386149 217280 14
138127 -427152 220674 14
184402 -483228 224030 14
165355 -532965 227223 14
202843 -577979 230556 14
13090 -567001 0 15
170866 60571 1142 15
58039 53616 1424 15
16853 53308 1527 15
112058 12948 4529 15
79245 11671 4611 15
46988 -42198 7932 15
28084 -43234 7979 15
-26087 -179145 17834 15
-64534 -240897 21170 15
282741 -272992 23542 15
153599 -276122 23865 15
189525 -330988 27015 15
99533 -335111 27243 15
110856 -377082 30452 15
217882 -414444 33424 15
84700 -422546 33757 15
171900 -477114 36779 15
201517 -511148 39945 15
204521 -560583 43178 15
276514 50220 88358 15
113522 43388 88765 15
94068 -3013 92054 15
59106 -4326 92141 15
25965 -53505 95464 15
-34660 -162381 102128 15
-16139 -201869 105289 15
-69853 -205066 105424 15
134484 -240523 108153 15
-104305 -257540 108761 15
214431 -297608 111193 15
122193 -301350 111424 15
99222 -302267 111481 15
252630 -331834 114338 15
98062 -338908 114724 15
34891 -340468 114882 15
179370 -394217 117761 15
91402 -398814 117981 15
112890 -438539 121167 15
184532 -483114 124228 15
179172 -538965 127481 15
202776 -577902 130662 15
159193 -578479 130771 15
192350 75036 172808 15
127866 72682 172969 15
-5796 66726 173304 15
102984 34119 176272 15
52681 -25941 179637 15
-30356 -172292 189565 15
132260 -210964 192398 15
-74114 -214176 192914 15
200447 -260053 195468 15
105245 -261565 195706 15
256005 -310313 198569 15
108174 -315063 198939 15
36141 -319558 199119 15
104842 -357500 202187 15
209504 -411452 205165 15
113289 -415165 205406 15
144505 -449948 208568 15
133327 -450137 208596 15
179655 -558852 214960 15
13090 -486001 0 16
59177 142105 1418 16
196264 104240 4316 16
34767 96178 4719 16
276618 50155 7355 16
113434 43190 7763 16
59171 -4193 11138 16
25962 -53509 14462 16
-34508 -162441 21093 16
-16174 -201839 24287 16
-69817 -205093 24421 16
134463 -240617 27150 16
-118055 -246428 27782 16
214421 -297570 30190 16
122191 -301399 30421 16
99384 -302222 30478 16
252588 -331692 33335 16
98182 -338932 33721 16
34773 -340429 33879 16
179140 -394183 36759 16
91360 -398748 36978 16
224399 -442215 39885 16
187092 -442997 39979 16
184313 -483151 43226 16
165351 -532932 46513 16
202627 -578066 49660 16
159011 -578471 49769 16
49862 124246 88922 16
-25653 119771 89111 16
192372 75038 91805 16
127865 72614 91967 16
-5838 66652 92301 16
103030 34046 95269 16
52630 -26013 98635 16
-26135 -179118 108572 16
132211 -211013 111396 16
-73927 -214004 111911 16
200302 -259996 114466 16
105231 -261737 114703 16
256001 -310324 117566 16
108112 -315079 117936 16
36071 -319472 118116 16
195753 -349925 120957 16
209519 -411501 124163 16
156208 -414877 124296 16
113146 -415264 124404 16
144440 -449906 127565 16
201492 -510916 130692 16
195006 -511022 130708 16
179656 -558719 133957 16
146101 166714 172921 16
20627 163385 173235 16
-59287 106424 176675 16
170764 60501 179339 16
16913 53337 179724 16
111962 12931 182727 16
79278 11706 182808 16
47017 -42196 186129 16
27934 -43263 186177 16
7917 -192599 195947 16
-46969 -194397 196084 16
-64626 -240744 199368 16
282835 -273026 201739 16
153628 -276176 202062 16
189647 -330947 205212 16
99548 -335245 205438 16
110672 -377046 208650 16
217739 -414332 211622 16
84606 -422792 211955 16
171827 -477051 214977 16
195167 -511075 218158 16
204631 -560429 221375 16
13090 323999 0 17
223715 315452 510 17
128186 266191 3506 17
122398 231230 6732 17
149503 182132 10040 17
170960 117249 13333 17
22654 84756 16202 17
196406 76974 16637 17
75448 29318 19574 17
151939 26293 19766 17
52674 -25995 22758 17
-16086 -201851 35546 17
132099 -210933 35916 17
-104154 -257542 38565 17
3289 -258543 38834 17
105293 -261621 39089 17
158900 -264636 39223 17
175759 -265692 39265 17
282728 -272964 39533 17
108056 -315050 42336 17
104767 -357487 45568 17
158682 -360252 45703 17
75360 -411325 48734 17
156258 -414903 48936 17
144660 -449952 52147 17
195053 -510999 55514 17
201603 -511082 55530 17
179622 -558813 58715 17
100304 300758 87677 17
204477 297269 87937 17
119729 256086 90965 17
82967 202556 94113 17
145648 200636 94270 17
212286 198362 94437 17
60866 152757 97298 17
-25659 119799 100322 17
-53456 67886 103492 17
-5829 66653 103611 17
39245 66186 103724 17
132779 65354 103958 17
278972 59865 104323 17
26733 13846 106933 17
111986 12918 107146 17
52424 -38054 110237 17
-26259 -179197 119760 17
122680 -225553 123373 17
153669 -276316 126690 17
281328 -282168 127009 17
99508 -335256 129795 17
51516 -374408 132915 17
110708 -377010 133063 17
84587 -422668 136237 17
167758 -468784 139685 17
202920 -572900 146253 17
159882 243953 178546 17
149552 182298 181760 17
59173 142124 184774 17
170149 136828 185051 17
-39164 99661 187768 17
34642 96057 187952 17
119480 91218 188165 17
186822 87798 188333 17
113435 43276 191389 17
59028 -4326 194493 17
27949 -43218 197656 17
-16197 -201809 207269 17
-50030 -232618 210421 17
134572 -240622 210882 17
77781 -290810 213980 17
214327 -297607 214322 17
276748 -298664 214478 17
102008 -346637 217281 17
195745 -349962 217515 17
179195 -394264 220714 17
224354 -442480 224067 17
179189 -538837 230434 17
13090 526499 0 18
91474 383841 9901 18
220212 330046 13462 18
145787 284071 16516 18
122530 231273 19698 18
149576 182126 23006 18
59194 142209 26020 18
170160 136822 26297 18
119441 91290 29410 18
28546 44100 32423 18
113425 43232 32635 18
59051 -4268 35740 18
-16128 -201906 48512 18
132189 -210840 48882 18
-118056 -246282 51497 18
122193 -301356 55337 18
256098 -310281 55672 18
104799 -357423 58534 18
125493 -404190 61826 18
144455 -449927 65113 18
118284 462478 90968 18
168278 352614 97573 18
104619 307235 100653 18
128238 266088 103952 18
133864 218994 107207 18
146154 166747 110477 18
-25557 119870 113288 18
29125 66346 116668 18
170823 60616 117036 18
278990 59890 117297 18
52716 -25945 123204 18
-34645 -162441 132705 18
-74102 -214172 135847 18
-34562 -214509 135945 18
122646 -225467 136339 18
-104328 -257704 139011 18
153590 -276193 139656 18
281451 -282139 139976 18
36090 -319703 142602 18
75296 -411303 149180 18
156106 -414934 149382 18
167749 -468794 152651 18
195099 -511029 155960 18
201628 -511050 155976 18
179619 -558751 159161 18
-57409 492197 174768 18
105942 487099 175177 18
177099 434613 178595 18
58796 351068 184779 18
91356 350009 184860 18
100121 300812 188122 18
204547 297367 188383 18
52165 249428 191242 18
159740 243968 191511 18
76678 199443 194544 18
212361 198353 194883 18
60911 152661 197744 18
58119 99310 200977 18
16959 53266 204114 18
276450 50227 204763 18
26586 13875 207378 18
27973 -43099 210622 18
-26223 -179096 220206 18
-73819 -231996 223327 18
-50081 -232582 223387 18
134608 -240627 223848 18
77838 -290735 226954 18
84933 -290753 226972 18
214239 -297452 227307 18
276805 -298570 227458 18
98092 -338966 230237 18
76328 -386116 233423 18
224233 -442450 237032 18
179197 -538967 243408 18
202714 -578078 246699 18
13090 607499 0 19
102276 168042 29379 19
146099 166789 29489 19
170921 117107 32791 19
52653 -25812 42215 19
-73945 -214174 54858 19
195712 -273713 58773 19
113347 -415323 68287 19
167708 -468749 71663 19
52114 249266 110254 19
159771 243980 110523 19
76713 199303 113555 19
60837 152799 116755 19
-59308 106565 119695 19
58095 53642 123229 19
47177 -41972 129681 19
-61319 -231570 142370 19
134593 -240735 142860 19
99589 -335065 149252 19
184326 -483216 159184 19
165430 -532968 162377 19
203607 -582457 165712 19
258499 370753 188530 19
122427 231214 197909 19
111938 183237 201123 19
149506 182303 201217 19
-16230 -201753 226723 19
-118167 -246273 229708 19
-10718 -251249 229977 19
200329 -259952 230512 19
99353 -302416 233492 19
256014 -310242 233883 19
91496 -398771 239952 19
144428 -449864 243324 19
39272 -648000 0 20
39335 -16184 1409 20
164173 495746 10018 20
132233 -210995 14137 20
-34463 -214616 14554 20
105194 -261744 17452 20
58785 350976 19474 20
91385 349905 19556 20
100119 300765 22818 20
204427 297161 23083 20
104782 -357464 23925 20
119876 256225 26107 20
125567 -404250 27114 20
145523 200789 29418 20
144477 -449894 30306 20
-53546 67929 38634 20
-5946 66748 38753 20
26709 13752 42074 20
52319 -37966 45378 20
-26266 -179154 54902 20
59890 -374150 68077 20
110810 -377011 68204 20
84668 -422635 71379 20
171886 -477039 74837 20
202958 -573016 81395 20
122858 -225342 101640 20
-61213 -231470 102100 20
-73749 -232104 102132 20
91604 383796 103796 20
153652 -276351 104828 20
220314 329805 107358 20
146028 283956 110413 20
51588 -374310 111538 20
217754 -414368 114363 20
84619 -422643 114696 20
167793 -468880 117728 20
59342 142154 119916 20
170130 136873 120193 20
-38946 99511 122910 20
34769 96085 123094 20
119380 91288 123306 20
113631 43254 126532 20
93995 -3019 129722 20
-46782 -194413 142330 20
-101447 -239791 145434 20
-64601 -240863 145526 20
34841 -340384 152255 20
195753 -349759 152657 20
179243 -394069 155856 20
58988 -4207 173090 20
158370 415455 188206 20
134446 -240615 189091 20
-136562 -248937 189769 20
281480 -282133 191964 20
223719 315301 194852 20
98086 -338786 195662 20
34834 -340423 195820 20
128080 266068 197866 20
133911 218797 201102 20
112923 -438474 202105 20
-9364 130325 207224 20
-39544 78802 210389 20
128008 72605 210807 20
202764 -577961 211606 20
-34632 -162443 226601 20
1478 -210420 229931 20
-104355 -257608 232907 20
3192 -258598 233175 20
175528 -265736 233606 20
282895 -272983 233875 20
108208 -315077 236678 20
75303 -411375 243076 20
156156 -414840 243278 20
201670 -511021 249872 20
179669 -558826 253057 20
39272 -607501 0 21
112204 13005 1230 21
79198 11751 1314 21
52642 -25926 4608 21
-26062 -179113 14525 21
122731 -225352 17393 21
-61322 -231530 17853 21
-73857 -231926 17884 21
200421 -260057 20439 21
105200 -261734 20677 21
256173 -310307 23539 21
108151 -315100 23909 21
36206 -319708 24089 21
158674 -360324 27023 21
209520 -411566 30136 21
156123 -414795 30269 21
113125 -415244 30377 21
167914 -468866 33480 21
201585 -511010 36636 21
195012 -511086 36652 21
179539 -558789 39931 21
112227 12887 88699 21
79176 11816 88782 21
46995 -42060 92102 21
27985 -43250 92150 21
-16232 -201839 101980 21
134521 -240617 104843 21
-118081 -246198 105475 21
282821 -272883 107713 21
195732 -273884 107930 21
153637 -276263 108036 21
252539 -331818 111028 21
98166 -338768 111414 21
34823 -340327 111573 21
110774 -377066 114623 21
229059 -433071 117567 21
112848 -438511 117858 21
171980 -477142 120950 21
158402 -520421 124224 21
203718 -582353 127350 21
113401 43150 172936 21
39278 -16154 176362 21
26012 -53446 179635 21
-34693 -162430 186266 21
-16063 -201882 189460 21
-69876 -205087 189594 21
173244 -246994 192227 21
-10748 -251262 192687 21
-104283 -257653 192920 21
214360 -297668 195364 21
122206 -301374 195594 21
99212 -302309 195652 21
104919 -357492 198877 21
179209 -394026 201932 21
91317 -398710 202151 21
144542 -449928 205258 21
133453 -450165 205286 21
179015 -539000 211652 21
203662 -582471 214831 21
168868 -584188 214918 21
39272 404999 0 22
189660 398008 366 22
91483 349852 3381 22
100168 300943 6642 22
204640 297110 6898 22
119706 256225 9911 22
182123 254327 10067 22
230946 202532 13429 22
20699 163459 16143 22
-25592 119830 19267 22
-53636 67773 22437 22
-5823 66634 22557 22
39089 66254 22669 22
170862 60494 22998 22
26573 13737 25878 22
79305 11787 26009 22
-26165 -179130 38706 22
122629 -225491 42318 22
153592 -276175 45635 22
281370 -282143 45955 22
189569 -331024 48965 22
59767 -373989 51881 22
110706 -377040 52008 22
84620 -422726 55183 22
171948 -477111 58641 22
158360 -520370 61847 22
202930 -572976 65199 22
91546 383912 87600 22
220296 329851 91162 22
145932 284178 94216 22
149533 237217 97465 22
59341 142072 103720 22
170207 136820 103997 22
-38935 99504 106714 22
34673 96089 106898 22
119489 91201 107110 22
16909 53323 110094 22
94038 -3214 113526 22
7978 -192581 126271 22
-101428 -239794 129238 22
-64613 -240865 129330 22
173096 -246899 129924 22
84871 -290724 132943 22
188196 -296496 133202 22
214274 -297612 133267 22
276960 -298701 133424 22
101938 -346563 136226 22
195836 -349845 136461 22
179222 -394215 139659 22
112861 -438535 142733 22
224246 -442467 143012 22
179123 -538890 149379 22
244617 363532 175463 22
223797 315344 178651 22
192461 270219 181812 22
133732 218796 184918 22
34972 182006 187899 22
-9377 130406 191028 22
22609 84797 194348 22
196432 76952 194782 22
75368 29236 197720 22
151978 26225 197911 22
39313 -16155 200870 22
-34509 -162244 210405 22
1510 -210290 213735 22
-104203 -257541 216711 22
3129 -258591 216979 22
105340 -261662 217235 22
158970 -264584 217369 22
175560 -265668 217410 22
104832 -357323 223713 22
158440 -360298 223847 22
209505 -411443 227215 22
201517 -510990 233675 22
179744 -558762 236861 22
204704 -560486 236925 22
39272 485999 0 23
176968 434434 3569 23
91557 383791 6595 23
220272 329908 10157 23
145800 284046 13211 23
159751 243942 16486 23
59285 142130 22715 23
170333 136910 22992 23
-38987 99500 25709 23
34772 96080 25893 23
17087 53317 29089 23
58141 53635 29195 23
94107 -3018 32522 23
27918 -43175 35596 23
-46897 -194507 45129 23
-64694 -240815 48325 23
134534 -240632 48823 23
84805 -290743 51939 23
188257 -296484 52197 23
214380 -297518 52262 23
34752 -340485 55053 23
76162 -386213 58397 23
179163 -394202 58654 23
113116 -438452 61729 23
118257 462451 87662 23
158353 415302 91002 23
244755 363504 94458 23
223798 315359 97646 23
128125 266073 100647 23
133802 218910 103901 23
-9211 130370 110023 23
-39540 78671 113188 23
127878 72637 113606 23
103010 34050 116784 23
28864 -15117 119839 23
-34623 -162353 129400 23
1536 -210390 132730 23
132253 -210793 133057 23
-104367 -257543 135706 23
105191 -261738 136230 23
175642 -265546 136406 23
107989 -315056 139476 23
104764 -357482 142708 23
158618 -360177 142843 23
156105 -414906 146077 23
195052 -511059 152654 23
201531 -511153 152670 23
204347 449849 175357 23
189743 398025 178561 23
91477 349857 181555 23
100106 300916 184817 23
204545 297247 185078 23
119711 256083 188106 23
145559 200809 191410 23
212391 198284 191577 23
20723 163575 194338 23
147943 153527 194656 23
-25579 119838 197463 23
-53498 67882 200633 23
29261 66376 200840 23
39145 66152 200864 23
276586 50192 201458 23
72699 14536 204188 23
112108 12953 204287 23
34483 -37983 207333 23
-26261 -179081 216901 23
122630 -225548 220513 23
153697 -276144 223831 23
281359 -282140 224150 23
59876 -374099 230076 23
110689 -376953 230203 23
84543 -422701 233378 23
138243 -427176 233514 23
171817 -476946 236836 23
158326 -520432 240042 23
202677 -577830 243393 23
39272 566999 0 24
118233 462499 6663 24
158546 415290 10003 24
244668 363588 13459 24
223622 315387 16646 24
128192 266185 19648 24
133931 218996 22902 24
34929 181991 25894 24
-9422 130358 29024 24
-39472 78759 32188 24
128007 72654 32607 24
102954 34129 35784 24
28763 -15063 38839 24
-34681 -162420 48400 24
1703 -210399 51731 24
132094 -210953 52057 24
-104330 -257510 54706 24
105236 -261710 55230 24
158849 -264627 55364 24
175587 -265662 55406 24
108001 -315159 58477 24
104796 -357509 61709 24
158516 -360216 61843 24
75317 -411322 64875 24
156137 -414894 65077 24
195036 -511036 71655 24
201472 -511107 71671 24
164121 495743 91017 24
189757 398022 97561 24
58806 351003 100474 24
91413 349870 100556 24
100129 300776 103817 24
204535 297123 104078 24
93118 254678 107040 24
182043 254245 107262 24
145525 200613 110419 24
212207 198442 110580 24
-25630 119777 116463 24
-5826 66639 119753 24
29167 66296 119840 24
39191 66228 119865 24
132658 65317 120099 24
278929 59873 120464 24
72719 14531 123189 24
34504 -37863 126333 24
52319 -38104 126378 24
-26292 -179094 135901 24
122626 -225523 139514 24
153602 -276381 142831 24
281368 -282034 143150 24
59728 -374152 149076 24
110812 -376887 149204 24
138246 -427190 152513 24
171956 -477129 155837 24
158400 -520258 159043 24
202713 -578094 162394 24
176954 434466 181769 24
91583 383851 184796 24
220251 329925 188358 24
145811 284018 191412 24
159769 244002 194686 24
59162 142078 200915 24
170173 136860 201192 24
34673 96063 204094 24
17058 53355 207290 24
94098 -3230 210722 24
28105 -43087 213797 24
-46988 -194255 223330 24
-64540 -240820 226526 24
84960 -290808 230139 24
214271 -297546 230463 24
34749 -340435 233254 24
179130 -394247 236855 24
113042 -438469 239930 24
186981 -442751 240115 24
179151 -538979 246575 24
