51833 -283267 0 0
107307 -293795 439 0
211954 -306840 1333 0
268648 -308799 1818 0
208144 311816 3281 0
176352 307131 3561 0
144566 304660 3824 0
120221 302563 4033 0
87627 298219 4311 0
49830 294213 4634 0
151717 -465105 11895 0
181490 -468434 12150 0
143955 144177 14907 0
113851 137805 15164 0
91719 133948 15353 0
57503 133258 15646 0
-48942 115685 16555 0
-51140 115642 16574 0
186077 -634338 23266 0
91932 -28815 26428 0
62504 -35448 26680 0
52280 -38141 26770 0
23186 -41765 27016 0
-54011 531570 32291 0
126010 500617 33862 0
200640 497049 34467 0
209877 496191 34546 0
-3066 -209368 38317 0
-34598 -214714 38587 0
-86629 -223536 39031 0
35736 345965 44172 0
72395 341191 44490 0
125257 335013 44902 0
193031 327217 45479 0
212232 324728 45643 0
253460 -343069 47201 0
228057 -348705 47419 0
166638 -356805 47944 0
91217 -366208 48588 0
53193 182381 55361 0
130605 168691 56023 0
180358 165987 56448 0
191567 164736 56544 0
202491 -516338 58714 0
74005 8665 66659 0
204274 447044 80853 0
168679 442880 81157 0
135769 441955 81438 0
104969 438393 81701 0
93144 435528 81802 0
12309 421205 82493 0
2098 419530 82581 0
-56028 417914 83077 0
-73849 416298 83230 0
29769 -313643 88391 0
79390 -318319 88816 0
143513 -330224 89364 0
167259 -332471 89567 0
209231 -338945 89925 0
204923 284720 91924 0
174163 277516 92187 0
153649 273990 92362 0
119341 270034 92680 0
99515 264655 92874 0
88211 261776 92984 0
153844 -498077 100529 0
181768 -501826 100767 0
201662 110175 103091 0
116667 108427 103755 0
21960 95393 104565 0
6728 92578 104695 0
-14450 88451 104876 0
-26637 87107 104980 0
-45561 83442 105142 0
-68015 81546 105334 0
189187 633183 111908 0
-55421 494825 120894 0
-26061 487663 121145 0
117709 472499 122374 0
122891 471565 122418 0
181367 462101 122918 0
227946 456277 123316 0
118174 -228257 125896 0
-377 -242433 126909 0
-25447 -248416 127124 0
-89438 -252017 127671 0
88569 314893 133202 0
132150 307179 133574 0
164941 300170 133854 0
196671 295095 134126 0
139492 -395600 136810 0
84594 -398684 137260 0
-52509 161142 143073 0
22122 154024 143711 0
55506 144947 144014 0
149859 140045 144802 0
155903 138601 144854 0
168214 136811 144959 0
196299 134124 145199 0
205718 -548114 147302 0
199224 -549211 147357 0
13245 -16237 154719 0
47929 -19967 155008 0
61753 -21308 155126 0
200573 577316 158423 0
-54544 548616 160603 0
-66740 547904 160707 0
-37288 -174062 165360 0
-1825 -181064 165707 0
209661 415116 169422 0
182044 408101 169658 0
109252 406618 170280 0
83658 401964 170499 0
-12405 382838 171320 0
86966 -353641 177496 0
104736 -357526 177648 0
162412 -365232 178141 0
168458 247178 180851 0
165167 246905 180879 0
146943 243075 181035 0
88540 235348 181534 0
60287 232001 181776 0
182509 -530521 189389 0
194967 -531165 189496 0
205508 -532754 189586 0
194875 83960 191702 0
117827 72169 192361 0
100533 71568 192509 0
-4964 56797 193410 0
-31378 53787 193636 0
-45490 53528 193757 0
-86319 628509 198168 0
156908 598965 200247 0
-52982 464576 209530 0
-33918 463444 209693 0
150218 437384 211267 0
158996 435038 211346 0
207742 426424 211759 0
213883 425504 211811 0
145692 -262071 214308 0
106602 -266299 214610 0
-424 -274296 215525 0
32783 285342 221340 0
39718 285225 221400 0
44867 284465 221444 0
71305 283631 221670 0
115404 273030 222046 0
217175 258336 222916 0
166926 -421426 225172 0
152520 -424000 225295 0
137546 -427472 225423 0
134674 -428245 225449 0
51970 111900 232581 0
164932 104103 233547 0
192910 98405 233786 0
201158 97452 233856 0
188996 -584816 236060 0
169065 -589507 236230 0
43526 -48421 243586 0
177327 540449 247237 0
-41716 517046 249109 0
-15070 -206346 254162 0
-2572 -208842 254269 0
13861 -211175 254409 0
139422 -231816 255491 0
169124 -235005 255736 0
186368 -235096 255884 0
242487 388119 257757 0
214744 384418 257994 0
139735 372279 258635 0
60873 364709 259309 0
39908 363750 259488 0
83698 -385870 266083 0
96412 -389563 266207 0
137163 -397022 266540 0
172846 -402433 266865 0
199091 -405177 267069 0
248320 -405706 267490 0
245985 222617 268804 0
143296 211561 269681 0
76032 199637 270256 0
47898 198305 270497 0
170743 -560466 277904 0
179409 46035 280450 0
160475 41583 280612 0
101228 38550 281118 0
70420 33694 281381 0
175082 563714 289018 0
210490 563051 289321 0
-41569 -148470 293415 0
77875 410315 299264 0
141704 399791 299810 0
169043 398983 300043 0
199976 397973 300308 0
283985 -271351 301710 0
266671 -275179 301858 0
122499 -293630 303090 0
91760 -296355 303353 0
85786 241713 310409 0
132309 236463 310829 0
158734 230228 311088 0
192782 226374 311346 0
198750 -446610 313515 0
185116 -448098 313632 0
173250 -450905 313733 0
164679 -451035 313806 0
148018 -452630 313949 0
-61058 99428 320231 0
-25698 92763 320533 0
11052 84031 320847 0
63988 83327 321299 0
89039 77018 321513 0
126510 68711 321855 0
169350 65365 322200 0
278190 50970 323130 0
183633 514121 335798 0
172107 512122 335897 0
-42044 483249 337727 0
-68344 481571 337952 0
-49469 -239876 342483 0
-40552 -240942 342560 0
11515 -246676 343005 0
152352 -266123 344208 0
159581 -267044 344270 0
219580 -273364 344783 0
266734 -274227 345186 0
278432 358128 346065 0
215813 346759 346600 0
183835 342250 346873 0
157442 341574 347099 0
121560 338472 347406 0
61004 324981 347971 0
138113 -427205 355164 0
147347 -428490 355243 0
188880 -434652 355598 0
221920 -441652 355880 0
182688 180272 357960 0
170029 177816 358068 0
144307 176276 358288 0
110446 174050 358578 0
28912 161424 359275 0
11743 158269 359421 0
158883 -596607 366418 0
113981 927 369624 0
94874 -171 369788 0
60468 -7108 370110 0
11881 -9111 370497 0
169613 530607 377587 0
190612 528281 377766 0
212825 527469 377956 0
-40966 -184531 382026 0
32290 381716 387490 0
84290 373915 387934 0
157057 365911 388556 0
191968 365350 388855 0
227725 358452 389160 0
282300 352733 389627 0
270310 -308256 390442 0
251515 -312183 390603 0
179609 -322835 391217 0
101608 -330446 391884 0
75319 -333756 392109 0
125237 204357 399361 0
168075 201242 399727 0
185047 200189 399872 0
211699 196468 400100 0
201511 -483745 402107 0
-66862 66295 408796 0
-47481 63520 408962 0
16838 53260 409512 0
121492 36433 410407 0
153650 32392 410681 0
191060 640560 413332 0
175748 639452 413448 0
187357 478674 424382 0
143773 472139 424754 0
-32071 450097 426257 0
-41956 449685 426342 0
-51076 448321 426420 0
-68664 445374 426570 0
-124242 -264248 430460 0
-21398 -271148 431339 0
-6057 -272360 431470 0
15384 -274757 431653 0
45526 -281781 431911 0
99590 -287544 432373 0
205498 315442 435304 0
183485 312070 435492 0
161705 311264 435678 0
143689 310987 435832 0
58929 299928 436556 0
190102 -471388 444262 0
166545 142653 446714 0
157790 141728 446788 0
55360 -34624 458741 0
103881 510310 465640 0
195305 491959 466439 0
-24050 -217847 470559 0
-75905 -220377 470952 0
80251 345806 476515 0
90600 343313 476604 0
150245 338878 477113 0
206141 328409 477591 0
221470 327676 477722 0
82465 -368897 480663 0
111993 175210 487863 0
150171 169682 488190 0
176005 167222 488411 0
72522 14482 498603 0
226479 445593 512730 0
181093 442493 513074 0
150530 436646 513326 0
70548 427019 513996 0
89098 -323134 520899 0
217925 279295 523817 0
161468 279247 524295 0
132713 276183 524541 0
86581 269273 524935 0
178418 113275 535227 0
163486 113060 535355 0
4109 90831 536717 0
-48997 85674 537171 0
173023 632501 543770 0
131237 475100 554489 0
176316 463415 554879 0
-5405 -241926 558952 0
-22138 -246600 559108 0
-59982 -246852 559419 0
-122275 -262847 559959 0
65400 310901 565004 0
90761 306468 565220 0
154308 303410 565764 0
176945 301639 565957 0
172187 -383114 568511 0
78998 -402254 569308 0
146886 135445 576777 0
28726 -15210 586844 0
90959 -20902 587376 0
180852 581481 590591 0
165311 579162 590724 0
-70623 540643 592793 0
-45131 -167684 597290 0
-30556 -170989 597414 0
205279 415707 601459 0
152854 405914 601907 0
138689 403150 602029 0
103991 398982 602339 0
88877 395243 602487 0
-10877 382111 603362 0
