51833 -283267 0 0
68415 293795 4475 0
104080 134990 15247 0
49931 124077 15764 0
-13223 117546 16250 0
28105 -43087 26974 0
27973 -43099 26975 0
31 -212264 38291 0
-34367 -214676 38585 0
221833 -343906 47472 0
221619 -343927 47474 0
178886 -351053 47839 0
63357 -370191 48826 0
66826 261496 93104 0
-23920 83001 104957 0
122858 -225342 125856 0
122731 -225352 125857 0
-36456 -248408 127218 0
208914 -380152 136198 0
91496 -398771 137201 0
125237 204357 0 1
230944 202423 390 1
104330 134940 4871 1
-5823 66634 9414 1
163295 50672 10062 1
29004 -15099 14513 1
-34484 -162401 24201 1
-85015 -227724 28973 1
134593 -240735 29814 1
108208 -315077 34679 1
252487 -328427 35256 1
179243 -394069 39916 1
172588 -467701 44856 1
20576 163414 88964 1
-56155 96382 93635 1
120808 83802 94313 1
72547 14708 99094 1
-16230 -201753 113650 1
132260 -210964 114219 1
276805 -298570 119739 1
179999 -364289 124333 1
193395 -440341 129350 1
224390 -442484 129469 1
168868 -584188 139187 1
178091 -584317 139222 1
177819 308486 0 2
33196 269130 2485 2
198179 224921 5647 2
112062 183164 8266 2
161584 183609 8373 2
72616 14535 19402 2
52642 -25926 22164 2
-85177 -227622 35891 2
134619 -240567 36370 2
281748 -282609 39491 2
36250 -319556 41764 2
252382 -328606 42239 2
180202 -364420 44881 2
125549 -404275 47568 2
133401 -450225 50390 2
177169 -530140 56095 2
182156 254444 89769 2
62165 218097 92314 2
34984 182000 95060 2
104137 135024 98015 2
-56196 96299 100473 2
163991 87864 100950 2
186830 87805 100999 2
-12136 51195 103374 2
163390 50554 103754 2
-16013 -201832 120197 2
-101346 -239782 122817 2
-64644 -240867 122897 2
173244 -246994 123412 2
189569 -331024 129057 2
63482 -370322 131590 2
162768 -373221 131804 2
113146 -415264 134507 2
162489 -418280 134618 2
178010 -584231 145863 2
198968 38498 0 3
93970 -3236 2914 3
-15855 -143169 12174 3
173215 -246922 18990 3
84549 -292144 21949 3
89702 -292446 21962 3
188238 -296622 22204 3
276960 -298701 22421 3
126077 -339296 25228 3
221677 -344113 25462 3
193198 -440224 31753 3
184421 -483230 34900 3
201557 -483657 34942 3
177101 -530082 38059 3
203717 -582356 41300 3
28010 -43080 91693 3
-22239 -183371 101099 3
-85152 -227694 104122 3
189487 -331101 111148 3
91797 -379099 114085 3
208711 -380043 114371 3
84668 -422635 117244 3
-38955 196571 0 4
161584 183675 486 4
104202 135053 3565 4
164025 88016 6947 4
186953 87844 7004 4
163516 50690 10177 4
94005 -3161 13236 4
46999 -42091 16350 4
-16056 -143268 22657 4
-16174 -201839 25919 4
-61213 -231470 29008 4
134484 -240523 29496 4
84454 -292128 32603 4
89686 -292196 32616 4
218855 -298767 32939 4
125989 -339106 35939 4
221720 -344123 36178 4
179157 -394256 39303 4
193361 -440325 42571 4
201571 -483605 45823 4
177964 -584306 52228 4
34921 182038 87423 4
49862 124246 90692 4
164070 87987 94208 4
186848 87751 94265 4
119102 32406 97328 4
28739 -15041 100335 4
-34669 -162365 109872 4
155922 -269247 116813 4
108135 -315030 119924 4
240056 -320829 120253 4
178796 -351060 123332 4
125567 -404250 126432 4
133327 -450137 129683 4
-105350 320266 0 5
120560 244148 5334 5
60901 152670 11333 5
170859 117238 14016 5
128008 72605 17045 5
-5829 66653 17348 5
-34508 -162441 32074 5
-16086 -201851 34964 5
134463 -240617 37556 5
-118056 -246282 38127 5
84455 -292302 40601 5
103661 -333256 43490 5
91755 -378998 46449 5
220504 -414820 49090 5
162331 -418237 49221 5
84620 -422726 49397 5
172663 -467650 52130 5
177369 304865 87305 5
198225 225051 93122 5
123636 165032 96223 5
20723 163575 96456 5
50002 124088 99321 5
-24060 83135 102421 5
119107 32382 105029 5
94048 -3234 108018 5
47131 -42159 111056 5
-22354 -183365 120010 5
122630 -225548 122614 5
-61145 -231543 123030 5
211543 -266083 125345 5
156090 -269142 125471 5
108591 -270654 125578 5
36229 -319510 128674 5
178938 -351121 131283 5
179142 -394144 134215 5
91558 -398809 134413 5
193186 -440359 137115 5
159011 -578471 145989 5
2360 175652 0 6
192372 75038 6433 6
127865 72614 6811 6
-5761 66605 7592 6
-31121 65316 7740 6
46988 -42198 14863 6
28084 -43234 14973 6
-34645 -162283 22919 6
211526 -266138 29058 6
155980 -269376 29383 6
108639 -270695 29660 6
162940 -373402 36921 6
91858 -378899 37337 6
201665 -483670 44274 6
170873 117191 89928 6
22800 107425 90799 6
-56238 96276 91296 6
93954 -3130 97956 6
122664 -225541 112946 6
-64694 -240815 114042 6
-118007 -246302 114354 6
-136562 -248937 114462 6
252381 -328521 119767 6
189525 -330988 120134 6
103620 -333290 120637 6
193181 -440325 127692 6
133453 -450165 128057 6
204520 -560488 135205 6
169690 -561357 135408 6
-38068 524340 0 7
189757 398022 8513 7
182043 254245 17898 7
93140 254733 18219 7
161527 183683 22651 7
111898 183388 22830 7
34924 182002 23108 7
170972 117241 27295 7
-56075 96513 28115 7
163376 50624 32001 7
-22232 -183204 46749 7
134572 -240622 50820 7
-117898 -246404 51732 7
208706 -309181 55231 7
36088 -319697 55854 7
162854 -373409 60075 7
91849 -378912 60332 7
193386 -440340 64644 7
178113 -584189 74056 7
168244 352526 97486 7
198085 225007 106735 7
62064 218183 107226 7
127878 72637 116346 7
-5838 66796 116829 7
94047 -2990 121147 7
-16057 -143243 130902 7
132132 -210857 135046 7
-67 -212360 135523 7
-34463 -214616 135647 7
211617 -266201 139437 7
155952 -269307 139638 7
108736 -270735 139809 7
221672 -344026 144080 7
220561 -414778 148762 7
162303 -418145 148973 7
84606 -422792 149253 7
201731 -483710 153509 7
169688 -561159 158346 7
-19252 142732 0 8
-12057 51189 6159 8
47017 -42196 12106 8
28159 -43197 12196 8
27949 -43218 12197 8
-16027 -143074 18639 8
122723 -225453 24203 8
-64601 -240863 25104 8
276879 -298767 29693 8
108174 -315063 30504 8
36206 -319708 30850 8
125493 -404190 36651 8
177980 -584330 48861 8
104161 134972 86600 8
16873 128851 87020 8
163233 50532 92547 8
28484 44104 93195 8
26019 -53507 99437 8
-15947 -143167 105870 8
134418 -240719 111440 8
-118081 -246198 112592 8
240018 -320693 117101 8
103638 -333385 117756 8
220495 -414815 123425 8
162475 -418264 123704 8
84619 -422643 124079 8
133410 180544 0 9
104117 135037 2687 9
22855 107420 5277 9
-5842 66698 7979 9
72719 14531 10910 9
-16037 -143195 21774 9
-22250 -183329 24524 9
-61253 -231568 27204 9
134693 -240691 27622 9
155999 -269383 30430 9
108051 -315121 33092 9
240069 -320779 33373 9
179289 -394173 38770 9
193245 -440356 41563 9
201619 -483675 44344 9
177129 -529998 47055 9
151853 -566453 49765 9
60985 152802 88258 9
22852 107474 90940 9
-5826 66639 93642 9
118963 32296 96671 9
28752 -15192 99242 9
25962 -53509 102000 9
-22290 -183242 110190 9
122626 -225523 113259 9
155924 -269236 116093 9
282728 -272964 116364 9
208650 -309178 118969 9
221795 -343918 121761 9
179249 -394031 124433 9
84587 -422668 126995 9
172548 -467758 129945 9
-172385 219825 0 10
123882 209676 627 10
230953 202550 857 10
123553 164854 3419 10
49842 124191 6053 10
186822 87798 9142 10
-11897 51124 11506 10
175265 41273 11910 10
94038 -3214 14528 10
27918 -43175 17178 10
-34623 -162353 25423 10
-16232 -201839 28256 10
132099 -210933 28575 10
-64608 -240806 30945 10
173138 -246909 31457 10
84511 -292217 34059 10
89609 -292385 34070 10
103660 -333469 36893 10
91785 -379065 39661 10
208676 -380252 39913 10
84506 -422776 42458 10
177989 -584264 53812 10
187500 -631606 56626 10
123821 209719 87213 10
20540 163485 89783 10
-24000 82923 95273 10
120738 83650 95585 10
175451 41328 98496 10
46967 -42183 103806 10
-47 -212293 114877 10
132233 -210995 115162 10
-117916 -246380 117416 10
84525 -292154 120645 10
221735 -344144 123734 10
91923 -378904 126247 10
208805 -380231 126499 10
162399 -418314 129192 10
172524 -467674 132007 10
547 502255 0 11
66916 261378 16070 11
182039 254322 16538 11
26073 -53492 36978 11
-69833 -205142 47124 11
84412 -292295 53020 11
89592 -292431 53041 11
63313 -370331 58202 11
208851 -380097 58794 11
68439 293806 100369 11
123969 209898 105863 11
230991 202566 106302 11
163466 50608 116560 11
-136599 -248952 136414 11
282880 -272942 138119 11
177978 -584290 158766 11
53158 -554379 0 12
196406 76974 913 12
127810 72835 1073 12
-5934 66789 1387 12
119071 32428 4129 12
75336 29158 4235 12
28763 -15063 7376 12
-34681 -162420 16629 12
-16197 -201809 19621 12
134446 -240615 22304 12
-118091 -246241 22895 12
84528 -292283 25456 12
189647 -330947 28245 12
103591 -333427 28446 12
91868 -379018 31509 12
162342 -418199 34379 12
84654 -422814 34561 12
172704 -467588 37390 12
169679 -561303 43467 12
163319 50697 89009 12
94068 -3013 92247 12
46967 -42088 95352 12
-16084 -143286 101598 12
-22402 -183339 104619 12
122629 -225491 107315 12
-61322 -231530 107746 12
211458 -266254 110142 12
156108 -269332 110272 12
108629 -270663 110383 12
208779 -309137 113183 12
36090 -319703 113588 12
178779 -350973 116289 12
125584 -404136 119449 12
193225 -440255 122325 12
177074 -530161 128433 12
178108 -584328 131466 12
187624 -631713 134479 12
57503 133258 0 13
-35856 -167863 0 14
204347 449849 2241 14
244601 363592 8192 14
168194 352642 8554 14
93229 254812 15052 14
60911 152661 21379 14
192439 75033 26866 14
127797 72846 27172 14
-5910 66839 27806 14
145793 -14615 33229 14
52670 -25793 33671 14
132145 -210965 45620 14
41 -212361 46204 14
84383 -292315 51947 14
208838 -380195 57499 14
184532 -483114 63764 14
204658 -560445 69803 14
151819 -566474 70054 14
244755 363504 94182 14
168246 352686 94545 14
93118 254678 101043 14
123617 164945 107040 14
20627 163385 107529 14
164010 87955 112991 14
-5757 66614 113796 14
52681 -25941 119686 14
-16189 -201705 132272 14
-69862 -205011 132526 14
282741 -272992 136997 14
84559 -292160 137936 14
162747 -373304 143708 14
91851 -379061 144044 14
172724 -467718 149803 14
204704 -560486 155794 14
169791 -561257 155959 14
-274075 581536 0 15
-56209 96363 32340 15
-36363 -248423 55315 15
103853 -440027 68117 15
-77411 -193935 0 16
189743 398025 4117 16
66360 290444 10525 16
125068 287712 10846 16
161621 183589 18128 16
-56279 96256 24019 16
22615 84855 24450 16
120804 83650 24987 16
192341 74958 25377 16
52716 -25945 31696 16
-85153 -227759 45107 16
-61319 -231570 45247 16
134521 -240617 46307 16
173096 -246899 46532 16
178939 -351093 53632 16
133432 -450216 60465 16
204631 -560429 67936 16
208473 413048 89203 16
104701 307363 95718 16
177316 304831 96115 16
62162 218074 102568 16
123978 209698 102906 16
230946 202532 103490 16
22899 107284 109435 16
186964 87687 110363 16
94098 -3230 116906 16
-16181 -201830 130468 16
36141 -319558 137835 16
189512 -331125 138674 16
84554 -422805 145182 16
193213 -440297 145807 16
224233 -442450 145966 16
-167894 95510 0 17
-24013 83093 579 17
192350 75036 1485 17
94094 -3235 6496 17
-34609 -162424 16828 17
-64691 -240907 22100 17
173087 -247003 23094 17
103649 -333272 28227 17
113134 -415210 33689 17
162424 -418108 33895 17
159134 -578397 44726 17
203718 -582353 44913 17
-24029 83081 87341 17
127866 72682 87976 17
145864 -14560 93474 17
-34645 -162441 103564 17
-101446 -239705 108707 17
-64555 -240704 108862 17
200482 -260062 109971 17
103686 -333454 114988 17
221616 -344115 115482 17
113125 -415244 120450 17
162352 -418322 120656 17
159126 -578345 131488 17
203662 -582471 131674 17
-73526 -191061 0 18
208639 413048 2682 18
168418 352643 7027 18
125150 287702 11362 18
62070 218158 15628 18
60800 152742 20108 18
-56131 96346 24188 18
163990 87889 24950 18
72731 14505 29119 18
28093 -43264 33448 18
-22412 -183232 42243 18
-64613 -240865 46581 18
200302 -259996 47498 18
108112 -315079 51663 18
179309 -394199 56394 18
133347 -450164 60719 18
177096 -530159 65355 18
177893 -584320 69842 18
244591 363520 92495 18
78725 308610 96406 18
177391 304874 96747 18
120575 244191 101035 18
34929 181991 105223 18
22715 107402 109665 18
119076 32402 114483 18
52630 -26013 118738 18
-34611 -162258 127405 18
-85223 -227791 131714 18
134608 -240627 132475 18
84390 -292174 136785 18
188257 -296484 137145 18
218898 -298607 137251 18
162794 -373343 141541 18
193276 -440361 146131 18
224354 -442480 146238 18
151696 -566297 154956 18
-222112 16002 0 19
134537 -240705 17033 19
208742 -380126 26360 19
177163 -530103 36494 19
72697 14627 86757 19
211558 -266251 105484 19
220481 -414835 115309 19
220344 -414866 115310 19
97797 -340859 0 20
125212 287704 1463 20
198112 224905 5770 20
62206 218127 6249 20
60866 152757 10817 20
196443 76967 14903 20
128007 72654 15144 20
-5796 66726 15615 20
72699 14536 19902 20
26146 -53495 24629 20
-15930 -143134 29385 20
-16133 -201920 33905 20
-69817 -205093 34094 20
211503 -266146 37667 20
155997 -269199 37862 20
108661 -270730 38029 20
103670 -333274 42610 20
179275 -394149 46907 20
91402 -398814 47216 20
172655 -467624 51494 20
177224 -529937 56041 20
33024 269140 88492 20
198088 224927 92474 20
62150 218315 92953 20
104200 134917 97368 20
16912 128899 97676 20
186910 87656 101641 20
120743 83653 101874 20
93995 -3019 106531 20
-16025 -143225 116045 20
-16054 -201854 120609 20
-69753 -205055 120798 20
211530 -266085 124371 20
156104 -269213 124566 20
103667 -333331 129314 20
179195 -394264 133611 20
91317 -398710 133921 20
172591 -467719 138198 20
62446 -526982 0 21
-23823 82934 2711 21
127978 72637 3316 21
94107 -3018 8345 21
-85092 -227697 23121 21
134534 -240632 23996 21
107987 -315110 29053 21
252309 -328559 29628 21
179173 -394243 34500 21
172620 -467622 39638 21
187440 -631615 50023 21
58158 53636 90815 21
163284 50732 91234 21
52625 -26029 95956 21
-118094 -246377 110766 21
211500 -266147 112079 21
282835 -273026 112364 21
103613 -333442 116813 21
221680 -343957 117283 21
113289 -415165 122015 21
162338 -418188 122210 21
151709 -566240 132494 21
-37582 -440382 0 22
22741 84750 8011 22
120695 83673 8401 22
120936 83675 8402 22
192361 74887 8698 22
-85048 -227764 29057 22
-61222 -231435 29162 22
134415 -240725 29968 22
36071 -319472 34959 22
252442 -328574 35835 22
125445 -404273 40686 22
151725 -566357 51550 22
123622 164939 89077 22
-56199 96301 93708 22
108032 -315164 121277 22
184326 -483216 132349 22
201567 -483551 132421 22
169705 -561195 137666 22
-187695 63778 0 23
58039 53616 824 23
163246 50588 1188 23
28804 -15126 5207 23
-16072 -143280 14021 23
-61 -212281 18560 23
84410 -292112 23337 23
89737 -292264 23356 23
188196 -296496 23696 23
218914 -298759 23803 23
178925 -351064 28149 23
84700 -422546 32307 23
229059 -433071 32807 23
204626 -560412 41691 23
187499 -631612 46116 23
94058 -3112 90637 23
-16149 -201844 103709 23
132119 -210978 104222 23
-136446 -249088 107777 23
155998 -269254 108789 23
282895 -272983 109228 23
103519 -333342 113092 23
221670 -344126 113501 23
220446 -414899 117981 23
172526 -467762 122299 23
-151546 -304916 0 24
78692 308579 2140 24
104552 307386 2237 24
177346 304839 2510 24
149428 237211 7259 24
123690 164858 12017 24
-56262 96367 16197 24
164130 87891 17022 24
25942 -53495 26212 24
108691 -270671 41084 24
281562 -282591 41732 24
178760 -351081 46200 24
113347 -415323 50809 24
162426 -418146 50993 24
151631 -566420 60661 24
68405 293844 89473 24
60837 152799 99152 24
-24058 83118 103688 24
192314 74909 104498 24
86 -212354 123194 24
276794 -298637 129084 24
179972 -364407 133576 24
193328 -440321 138480 24
224399 -442215 138596 24
159193 -578479 148060 24
203607 -582457 148226 24
-264637 -327318 0 25
149533 237217 5756 25
34852 182020 9483 25
-13180 117617 13420 25
163285 50636 18065 25
145713 -14620 22098 25
-22456 -183302 33832 25
-118167 -246273 37618 25
200447 -260053 38624 25
108045 -315029 42420 25
91755 -379041 46457 25
208726 -380060 46826 25
193177 -440219 50866 25
224246 -442467 50964 25
169687 -561214 58968 25
78675 308519 87299 25
104698 307271 87381 25
177279 304889 87610 25
120561 244203 91520 25
34928 182017 95357 25
49837 124041 99473 25
170874 117269 99855 25
-5681 66601 103387 25
94057 -3207 107789 25
-22420 -183279 119710 25
-101447 -239791 123526 25
-64655 -240738 123642 25
173165 -246912 124392 25
208716 -309010 128593 25
63318 -370193 132222 25
162853 -373341 132536 25
204521 -560583 144933 25
84015 -398095 0 26
62010 218195 2011 26
170880 117285 8866 26
52653 -25812 18434 26
122813 -225561 31770 26
281766 -282437 35462 26
252473 -328485 38677 26
84526 -422754 44830 26
111938 183237 90950 26
9976 135723 93981 26
22613 84888 97302 26
120691 83619 97551 26
119004 32381 100836 26
-69876 -205087 116803 26
211590 -266171 120807 26
180124 -364409 127306 26
220344 -414724 130697 26
204578 -560613 140525 26
54627 -199455 0 27
208533 413162 2153 27
177207 305002 9738 27
68616 293930 10358 27
231007 202662 16836 27
35024 182007 17956 27
192507 74976 24462 27
127855 72621 24831 27
-5838 66652 25595 27
47080 -42207 32699 27
27934 -43263 32808 27
-34660 -162381 40571 27
200329 -259952 46691 27
162745 -373335 54255 27
91923 -379093 54659 27
172670 -467758 61604 27
177881 -584336 68980 27
57552 364996 91884 27
93320 254695 99086 27
52165 249428 99321 27
118944 32340 113751 27
75520 29180 113999 27
75351 29158 114000 27
-16128 -201906 129334 27
-69853 -205066 129641 27
282792 -273050 135032 27
84520 -292061 136165 27
179166 -394243 143029 27
187435 -631754 157878 27
73773 -52684 0 28
104619 307235 19153 28
120556 244176 23492 28
170903 117113 32108 28
22869 107542 32610 28
-61418 101969 32895 28
163292 50579 36527 28
28546 44100 36984 28
52637 -26008 41295 28
-34632 -162443 50378 28
-85052 -227718 54942 28
282821 -272883 58088 28
221825 -344136 62688 28
220434 -414897 67106 28
168328 352757 102408 28
125249 287831 106947 28
198232 225042 111093 28
62037 218071 111555 28
60908 152869 115952 28
163984 87896 119996 28
22609 84797 120475 28
-24054 82962 120633 28
-22270 -183120 138200 28
134522 -240661 142062 28
276748 -298664 145973 28
162868 -373365 150752 28
103799 -439987 155346 28
151746 -566208 163969 28
187534 -631722 168241 28
-221542 175881 0 29
170961 117332 3937 29
22770 107367 4587 29
-56206 96430 4933 29
119043 32409 9849 29
75285 29330 10041 29
122680 -225553 26885 29
-64534 -240897 27706 29
-118055 -246428 27941 29
208736 -309031 32192 29
107989 -315056 32634 29
36128 -319540 32949 29
179209 -394026 38006 29
91319 -398678 38391 29
201556 -483662 43592 29
204561 -560547 49263 29
169800 -561305 49415 29
104258 134933 89492 29
-13252 117534 90008 29
163325 50613 94918 29
28583 44260 95509 29
47069 -42160 101112 29
28011 -43029 101195 29
132253 -210793 112106 29
-85074 -227763 113060 29
281811 -282598 117135 29
89591 -292336 117978 29
84435 -292256 118000 29
208669 -380019 123140 29
91865 -379008 123652 29
172543 -467710 128982 29
187457 -631598 140285 29
62930 -85765 0 30
22870 107412 30234 30
164072 87994 31529 30
-110928 -130027 0 31
58095 53642 117378 31
149673 -355699 144628 31
169774 -561373 158344 31
-217159 -572295 0 32
58141 53635 1789 32
163471 50622 2181 32
52674 -25995 6586 32
-34693 -162430 15897 32
-61237 -231399 20617 32
134441 -240562 21344 32
108078 -315146 26064 32
252495 -328583 26602 32
179140 -394183 31146 32
172614 -467755 35939 32
177227 -530064 40774 32
118974 32375 88763 32
52754 -25867 93308 32
-34509 -162244 102619 32
-101428 -239794 107188 32
-64626 -240744 107325 32
200421 -260057 108310 32
108056 -315050 112785 32
252374 -328542 113325 32
179163 -394202 117867 32
172609 -467574 122661 32
-259636 -604090 0 33
118979 32399 1182 33
28864 -15117 4047 33
26012 -53446 7118 33
-16139 -201869 16253 33
132094 -210953 16605 33
-64540 -240820 19217 33
173194 -246989 19781 33
84453 -292208 22649 33
89740 -292378 22662 33
188176 -296600 22895 33
218950 -298733 22968 33
126007 -339331 25826 33
221689 -344166 26053 33
179130 -394247 29031 33
103878 -440002 31930 33
184485 -483211 35200 33
201684 -483622 35241 33
177152 -529964 38261 33
178138 -584331 41342 33
119028 32528 87377 33
28774 -15104 90241 33
25965 -53505 93313 33
-16055 -143073 99370 33
-16063 -201882 102448 33
132279 -211006 102801 33
-64644 -240906 105411 33
134521 -240617 105884 33
89608 -292354 108856 33
188280 -296525 109090 33
219082 -298744 109163 33
103645 -333286 111968 33
91747 -378967 115018 33
84543 -422701 118079 33
184402 -483228 121395 33
201539 -483713 121435 33
177194 -530068 124456 33
-8526 485050 0 34
125226 287687 13006 34
34893 182063 19936 34
104173 135183 23081 34
164128 88051 26267 34
22654 84756 26632 34
-24065 83001 26752 34
175349 41250 29578 34
28832 -15093 33296 34
132175 -210799 46391 34
56 -212367 46731 34
-34562 -214509 46820 34
200407 -260021 49555 34
208661 -309231 52874 34
107987 -315057 53133 34
204488 -560337 69586 34
169725 -561348 69675 34
161600 183490 106438 34
34972 182006 106765 34
104310 135057 109926 34
16793 129013 110152 34
164031 87989 113113 34
119063 32355 116569 34
75368 29236 116681 34
-85158 -227675 133796 34
211593 -266136 136371 34
155966 -269391 136515 34
108806 -270720 136636 34
108151 -315100 139978 34
36106 -319538 140164 34
220394 -414830 146369 34
162374 -418245 146519 34
84491 -422720 146720 34
172537 -467598 149833 34
151819 -566302 156567 34
-180696 -363347 0 35
62033 218190 4379 35
170921 117107 11160 35
-101356 -239824 34933 35
239909 -320817 40389 35
103706 -333460 41167 35
103546 -333461 41168 35
228860 -433134 47858 35
47177 -41972 108142 35
46997 -42004 108143 35
27985 -43250 108251 35
180045 -364250 129608 35
-43985 404977 0 36
33040 269179 9608 36
170913 117109 18800 36
22748 107315 19976 36
-56255 96478 20603 36
46995 -42060 30069 36
27972 -43207 30220 36
-16143 -201834 40856 36
221676 -343968 49371 36
201524 -483673 59700 36
161663 183610 101159 36
20582 163388 102279 36
119038 32366 111783 36
-16081 -143089 123141 36
282874 -273018 131054 36
84565 -292196 132628 36
228901 -433244 141870 36
193299 -440134 142182 36
203537 -582497 152255 36
168851 -584329 152531 36
196057 481742 0 37
57626 364916 7415 37
168278 352614 8129 37
52114 249266 15741 37
120702 244381 16183 37
-13123 117654 23717 37
93925 -3172 32733 37
145738 -14569 33090 37
-101295 -239729 48196 37
-64696 -240847 48432 37
156078 -269202 49856 37
282885 -273029 50675 37
91797 -379107 57803 37
179222 -394215 58367 37
179370 -394217 58368 37
189660 398008 91880 37
68499 293835 99459 37
125256 287652 99825 37
60824 152737 107778 37
-12081 51083 115662 37
28511 44092 115924 37
119106 32479 116508 37
-16215 -201841 132358 37
122646 -225467 133254 37
178905 -351109 141978 37
184313 -483151 150374 37
201547 -483604 150485 37
201693 -483626 150486 37
100611 -168202 0 38
204299 449796 2031 38
120571 244211 15669 38
-24065 82986 26414 38
196432 76952 26884 38
94131 -3210 32192 38
27935 -43264 34816 38
-69781 -205145 45659 38
132146 -211049 46090 38
-36388 -248266 48494 38
84417 -292303 51515 38
89613 -292356 51526 38
188415 -296655 51737 38
276753 -298716 51925 38
208729 -380243 57306 38
182123 254327 101463 38
9814 135755 109386 38
-56259 96368 112008 38
164024 87945 112478 38
186877 87689 112526 38
252483 -328543 140300 38
85494 499564 0 39
208523 412933 6052 39
244617 363532 9148 39
62000 218123 19149 39
123590 164884 22182 39
20699 163459 22435 39
170960 117249 25250 39
-13255 117552 25703 39
192309 74992 28382 39
127915 72653 28540 39
-5841 66682 28869 39
52633 -26029 35093 39
132211 -211013 47635 39
-85147 -227697 48169 39
211708 -266108 50644 39
208652 -309097 53816 39
108001 -315159 54063 39
36117 -319700 54240 39
178770 -351119 57073 39
125463 -404235 60389 39
208517 412937 92027 39
244668 363588 95123 39
57442 365063 95583 39
198072 225024 104790 39
62114 218164 105124 39
20537 163370 108412 39
49896 124054 111523 39
-5946 66748 114854 39
119074 32456 117721 39
75448 29318 117829 39
52669 -26033 121069 39
-34555 -162362 130836 39
132189 -210840 133611 39
35 -212241 133935 39
221660 -344006 142944 39
179243 -394231 146232 39
91360 -398748 146448 39
193426 -440333 149381 39
187476 -631631 162133 39
